<?xml version="1.0" encoding="UTF-8"?>
<testsuites>
  <testsuite name="C:\Users\dpere\Documents\Señor_German\guerreroabogados\phpunit.xml.dist" tests="6" assertions="4" errors="2" failures="0" skipped="0" time="0.044000">
    <testsuite name="App" tests="6" assertions="4" errors="2" failures="0" skipped="0" time="0.044000">
      <testsuite name="ExampleDatabaseTest" file="C:\Users\dpere\Documents\Señor_German\guerreroabogados\tests\database\ExampleDatabaseTest.php" tests="2" assertions="0" errors="2" failures="0" skipped="0" time="0.000000">
        <testcase name="testModelFindAll" file="C:\Users\dpere\Documents\Señor_German\guerreroabogados\tests\database\ExampleDatabaseTest.php" line="17" class="ExampleDatabaseTest" classname="ExampleDatabaseTest" assertions="0" time="0.000000">
          <error type="CodeIgniter\Exceptions\CriticalError">ExampleDatabaseTest::testModelFindAll&#13;
CodeIgniter\Exceptions\CriticalError: The required PHP extension "sqlite3" is not loaded. Install and enable it to use "SQLite3" driver.
&#13;
C:\Users\dpere\Documents\Señor_German\guerreroabogados\system\Database\Database.php:182
C:\Users\dpere\Documents\Señor_German\guerreroabogados\system\Database\Database.php:59
C:\Users\dpere\Documents\Señor_German\guerreroabogados\system\Database\Config.php:82
C:\Users\dpere\Documents\Señor_German\guerreroabogados\system\Test\DatabaseTestTrait.php:82
C:\Users\dpere\Documents\Señor_German\guerreroabogados\system\Test\DatabaseTestTrait.php:59
C:\Users\dpere\Documents\Señor_German\guerreroabogados\system\Test\CIUnitTestCase.php:251</error>
        </testcase>
        <testcase name="testSoftDeleteLeavesRow" file="C:\Users\dpere\Documents\Señor_German\guerreroabogados\tests\database\ExampleDatabaseTest.php" line="28" class="ExampleDatabaseTest" classname="ExampleDatabaseTest" assertions="0" time="0.000000">
          <error type="CodeIgniter\Exceptions\CriticalError">ExampleDatabaseTest::testSoftDeleteLeavesRow&#13;
CodeIgniter\Exceptions\CriticalError: The required PHP extension "sqlite3" is not loaded. Install and enable it to use "SQLite3" driver.
&#13;
C:\Users\dpere\Documents\Señor_German\guerreroabogados\system\Database\Database.php:182
C:\Users\dpere\Documents\Señor_German\guerreroabogados\system\Database\Database.php:59
C:\Users\dpere\Documents\Señor_German\guerreroabogados\system\Database\Config.php:82
C:\Users\dpere\Documents\Señor_German\guerreroabogados\system\Test\DatabaseTestTrait.php:82
C:\Users\dpere\Documents\Señor_German\guerreroabogados\system\Test\DatabaseTestTrait.php:59
C:\Users\dpere\Documents\Señor_German\guerreroabogados\system\Test\CIUnitTestCase.php:251</error>
        </testcase>
      </testsuite>
      <testsuite name="ExampleSessionTest" file="C:\Users\dpere\Documents\Señor_German\guerreroabogados\tests\session\ExampleSessionTest.php" tests="1" assertions="1" errors="0" failures="0" skipped="0" time="0.005891">
        <testcase name="testSessionSimple" file="C:\Users\dpere\Documents\Señor_German\guerreroabogados\tests\session\ExampleSessionTest.php" line="10" class="ExampleSessionTest" classname="ExampleSessionTest" assertions="1" time="0.005891"/>
      </testsuite>
      <testsuite name="HealthTest" file="C:\Users\dpere\Documents\Señor_German\guerreroabogados\tests\unit\HealthTest.php" tests="2" assertions="2" errors="0" failures="0" skipped="0" time="0.037923">
        <testcase name="testIsDefinedAppPath" file="C:\Users\dpere\Documents\Señor_German\guerreroabogados\tests\unit\HealthTest.php" line="12" class="HealthTest" classname="HealthTest" assertions="1" time="0.010022"/>
        <testcase name="testBaseUrlHasBeenSet" file="C:\Users\dpere\Documents\Señor_German\guerreroabogados\tests\unit\HealthTest.php" line="17" class="HealthTest" classname="HealthTest" assertions="1" time="0.027901"/>
      </testsuite>
      <testsuite name="HomeTest" file="C:\Users\dpere\Documents\Señor_German\guerreroabogados\tests\unit\HomeTest.php" tests="1" assertions="1" errors="0" failures="0" skipped="0" time="0.000185">
        <testcase name="testTrueIsTrue" file="C:\Users\dpere\Documents\Señor_German\guerreroabogados\tests\unit\HomeTest.php" line="7" class="HomeTest" classname="HomeTest" assertions="1" time="0.000185"/>
      </testsuite>
    </testsuite>
  </testsuite>
</testsuites>
